Unity Editor version:    2022.3.8f1 (b5eafc012955)
Branch:                  2022.3/staging
Build type:              Release
Batch mode:              YES
macOS version:           Version 13.4.1 (c) (Build 22F770820d)
Darwin version:          22.5.0
Architecture:            arm64
Running under Rosetta:   NO
Available memory:        16384 MB
Using pre-set license
Pro License: YES

COMMAND LINE ARGUMENTS:
/Applications/Unity/Hub/Editor/2022.3.8f1/Unity.app/Contents/MacOS/Unity
-adb2
-batchMode
-noUpm
-name
AssetImportWorker0
-projectPath
/Users/hamanakaikumaru/Unity/RunAway/RunAway
-logFile
Logs/AssetImportWorker0.log
-srvPort
50630
Successfully changed project path to: /Users/hamanakaikumaru/Unity/RunAway/RunAway
/Users/hamanakaikumaru/Unity/RunAway/RunAway
[UnityMemory] Configuration Parameters - Can be set up in boot.config
    "memorysetup-bucket-allocator-granularity=16"
    "memorysetup-bucket-allocator-bucket-count=8"
    "memorysetup-bucket-allocator-block-size=33554432"
    "memorysetup-bucket-allocator-block-count=8"
    "memorysetup-main-allocator-block-size=16777216"
    "memorysetup-thread-allocator-block-size=16777216"
    "memorysetup-gfx-main-allocator-block-size=16777216"
    "memorysetup-gfx-thread-allocator-block-size=16777216"
    "memorysetup-cache-allocator-block-size=4194304"
    "memorysetup-typetree-allocator-block-size=2097152"
    "memorysetup-profiler-bucket-allocator-granularity=16"
    "memorysetup-profiler-bucket-allocator-bucket-count=8"
    "memorysetup-profiler-bucket-allocator-block-size=33554432"
    "memorysetup-profiler-bucket-allocator-block-count=8"
    "memorysetup-profiler-allocator-block-size=16777216"
    "memorysetup-profiler-editor-allocator-block-size=1048576"
    "memorysetup-temp-allocator-size-main=16777216"
    "memorysetup-job-temp-allocator-block-size=2097152"
    "memorysetup-job-temp-allocator-block-size-background=1048576"
    "memorysetup-job-temp-allocator-reduction-small-platforms=262144"
    "memorysetup-allocator-temp-initial-block-size-main=262144"
    "memorysetup-allocator-temp-initial-block-size-worker=262144"
    "memorysetup-temp-allocator-size-background-worker=32768"
    "memorysetup-temp-allocator-size-job-worker=262144"
    "memorysetup-temp-allocator-size-preload-manager=33554432"
    "memorysetup-temp-allocator-size-nav-mesh-worker=65536"
    "memorysetup-temp-allocator-size-audio-worker=65536"
    "memorysetup-temp-allocator-size-cloud-worker=32768"
    "memorysetup-temp-allocator-size-gi-baking-worker=262144"
    "memorysetup-temp-allocator-size-gfx=262144"
Player connection [8454528512] Host "[IP] 192.168.0.103 [Port] 0 [Flags] 2 [Guid] 533128101 [EditorId] 533128101 [Version] 1048832 [Id] OSXEditor(0,hamanakaikuennoMacBook-Air.local) [Debug] 1 [PackageName] OSXEditor [ProjectName] Editor" joined multi-casting on [225.0.0.222:54997]...

Player connection [8454528512] Host "[IP] 192.168.0.103 [Port] 0 [Flags] 2 [Guid] 533128101 [EditorId] 533128101 [Version] 1048832 [Id] OSXEditor(0,hamanakaikuennoMacBook-Air.local) [Debug] 1 [PackageName] OSXEditor [ProjectName] Editor" joined alternative multi-casting on [225.0.0.222:34997]...

[Physics::Module] Initialized MultithreadedJobDispatcher with 7 workers.
Default GameObject BitMask: UI already registered
Refreshing native plugins compatible for Editor in 6.94 ms, found 2 plugins.
Preloading 0 native plugins for Editor in 0.00 ms.
Initialize engine version: 2022.3.8f1 (b5eafc012955)
[Subsystems] Discovering subsystems at path /Applications/Unity/Hub/Editor/2022.3.8f1/Unity.app/Contents/Resources/UnitySubsystems
[Subsystems] Discovering subsystems at path /Users/hamanakaikumaru/Unity/RunAway/RunAway/Assets
GfxDevice: creating device client; threaded=0; jobified=0
 preferred device: Apple M1 (high power)
Metal devices available: 1
0: Apple M1 (high power)
Using device Apple M1 (high power)
Initializing Metal device caps: Apple M1
Initialize mono
Mono path[0] = '/Applications/Unity/Hub/Editor/2022.3.8f1/Unity.app/Contents/Managed'
Mono path[1] = '/Applications/Unity/Hub/Editor/2022.3.8f1/Unity.app/Contents/MonoBleedingEdge/lib/mono/unityjit-macos'
Mono config path = '/Applications/Unity/Hub/Editor/2022.3.8f1/Unity.app/Contents/MonoBleedingEdge/etc'
Using monoOptions --debugger-agent=transport=dt_socket,embedding=1,server=y,suspend=n,address=127.0.0.1:56140
Begin MonoManager ReloadAssembly
Registering precompiled unity dll's ...
Register platform support module: /Applications/Unity/Hub/Editor/2022.3.8f1/Unity.app/Contents/PlaybackEngines/MacStandaloneSupport/UnityEditor.OSXStandalone.Extensions.dll
Register platform support module: /Applications/Unity/Hub/Editor/2022.3.8f1/PlaybackEngines/WindowsStandaloneSupport/UnityEditor.WindowsStandalone.Extensions.dll
Register platform support module: /Applications/Unity/Hub/Editor/2022.3.8f1/PlaybackEngines/LinuxStandaloneSupport/UnityEditor.LinuxStandalone.Extensions.dll
Registered in 0.003770 seconds.
- Loaded All Assemblies, in  0.241 seconds
Native extension for LinuxStandalone target not found
Native extension for WindowsStandalone target not found
Native extension for OSXStandalone target not found
Mono: successfully reloaded assembly
- Finished resetting the current domain, in  0.151 seconds
Domain Reload Profiling: 391ms
	BeginReloadAssembly (85ms)
		ExecutionOrderSort (0ms)
		DisableScriptedObjects (0ms)
		BackupInstance (0ms)
		ReleaseScriptingObjects (0ms)
		CreateAndSetChildDomain (0ms)
	RebuildCommonClasses (23ms)
	RebuildNativeTypeToScriptingClass (8ms)
	initialDomainReloadingComplete (33ms)
	LoadAllAssembliesAndSetupDomain (93ms)
		LoadAssemblies (85ms)
		RebuildTransferFunctionScriptingTraits (0ms)
		AnalyzeDomain (91ms)
			TypeCache.Refresh (90ms)
				TypeCache.ScanAssembly (80ms)
			ScanForSourceGeneratedMonoScriptInfo (0ms)
			ResolveRequiredComponents (0ms)
	FinalizeReload (151ms)
		ReleaseScriptCaches (0ms)
		RebuildScriptCaches (0ms)
		SetupLoadedEditorAssemblies (113ms)
			LogAssemblyErrors (0ms)
			InitializePlatformSupportModulesInManaged (6ms)
			SetLoadedEditorAssemblies (4ms)
			RefreshPlugins (0ms)
			BeforeProcessingInitializeOnLoad (1ms)
			ProcessInitializeOnLoadAttributes (74ms)
			ProcessInitializeOnLoadMethodAttributes (27ms)
			AfterProcessingInitializeOnLoad (0ms)
			EditorAssembliesLoaded (0ms)
		ExecutionOrderSort2 (0ms)
		AwakeInstancesAfterBackupRestoration (0ms)
========================================================================
Worker process is ready to serve import requests
Begin MonoManager ReloadAssembly
- Loaded All Assemblies, in  0.398 seconds
Refreshing native plugins compatible for Editor in 0.93 ms, found 2 plugins.
Native extension for LinuxStandalone target not found
Native extension for WindowsStandalone target not found
Native extension for OSXStandalone target not found
Package Manager log level set to [2]
[Package Manager] Server::EnsureServerProcessIsRunning -- launch failed, reason: Unity was launched with the -noUpm command-line argument
[Package Manager] UpmClient::Send -- Unable to send message (not connected to UPM process).
[Package Manager] Cannot connect to Unity Package Manager local server
Mono: successfully reloaded assembly
- Finished resetting the current domain, in  0.378 seconds
Domain Reload Profiling: 776ms
	BeginReloadAssembly (80ms)
		ExecutionOrderSort (0ms)
		DisableScriptedObjects (3ms)
		BackupInstance (0ms)
		ReleaseScriptingObjects (0ms)
		CreateAndSetChildDomain (18ms)
	RebuildCommonClasses (23ms)
	RebuildNativeTypeToScriptingClass (8ms)
	initialDomainReloadingComplete (21ms)
	LoadAllAssembliesAndSetupDomain (265ms)
		LoadAssemblies (174ms)
		RebuildTransferFunctionScriptingTraits (0ms)
		AnalyzeDomain (128ms)
			TypeCache.Refresh (116ms)
				TypeCache.ScanAssembly (102ms)
			ScanForSourceGeneratedMonoScriptInfo (8ms)
			ResolveRequiredComponents (3ms)
	FinalizeReload (378ms)
		ReleaseScriptCaches (0ms)
		RebuildScriptCaches (0ms)
		SetupLoadedEditorAssemblies (282ms)
			LogAssemblyErrors (0ms)
			InitializePlatformSupportModulesInManaged (4ms)
			SetLoadedEditorAssemblies (4ms)
			RefreshPlugins (0ms)
			BeforeProcessingInitializeOnLoad (37ms)
			ProcessInitializeOnLoadAttributes (227ms)
			ProcessInitializeOnLoadMethodAttributes (10ms)
			AfterProcessingInitializeOnLoad (1ms)
			EditorAssembliesLoaded (0ms)
		ExecutionOrderSort2 (0ms)
		AwakeInstancesAfterBackupRestoration (2ms)
Default GameObject BitMask: UI already registered
Launching external process: /Applications/Unity/Hub/Editor/2022.3.8f1/Unity.app/Contents/Tools/UnityShaderCompiler
Launched and connected shader compiler UnityShaderCompiler after 0.05 seconds
Refreshing native plugins compatible for Editor in 0.93 ms, found 2 plugins.
Preloading 0 native plugins for Editor in 0.00 ms.
Unloading 3803 Unused Serialized files (Serialized files now loaded: 0)
Unloading 91 unused Assets / (145.2 KB). Loaded Objects now: 4225.
Memory consumption went from 156.5 MB to 156.3 MB.
Total: 2.954458 ms (FindLiveObjects: 0.146000 ms CreateObjectMapping: 0.050125 ms MarkObjects: 2.621083 ms  DeleteObjects: 0.136458 ms)

AssetImportParameters requested are different than current active one (requested -> active):
  custom:container-demuxer-ogg: 62fdf1f143b41e24485cea50d1cbac27 -> 
  custom:video-decoder-ogg-theora: a1e56fd34408186e4bbccfd4996cb3dc -> 
  custom:CustomObjectIndexerAttribute: 756ad292c208cfabdd7b50bc23989ffe -> 
  custom:container-demuxer-webm: 4f35f7cbe854078d1ac9338744f61a02 -> 
  custom:container-muxer-webm: aa71ff27fc2769a1b78a27578f13a17b -> 
  custom:video-decoder-webm-vp8: 9c59270c3fd7afecdb556c50c9e8de78 -> 
  custom:SearchIndexIgnoredProperties: e643bd26f0fe6173181afceb89e7c659 -> 
  custom:AudioImporter_EditorPlatform: 3918e3fc78b5a79bad01e8451be0beb8 -> 
  custom:framework-osx-AVFoundation: e770b220cccbd017edd2c1fefb359320 -> 
  custom:video-encoder-webm-vp8: eb34c28f22e8b96e1ab97ce403110664 -> 
  custom:audio-decoder-ogg-vorbis: bf7c407c2cedff20999df2af8eb42d56 -> 
  custom:audio-encoder-webm-vorbis: bf7c407c2cedff20999df2af8eb42d56 -> 
  custom:scripting/precompiled-assembly-types:EtraStandardMenus:  -> ca56396c677d417a414a97a792ac48f9
  custom:scripting/monoscript/fileName/EtraStandardMenuSettingsFunctions.cs:  -> 311bc2577b04fa1ffd45fa14bc6455b8
  custom:scripting/monoscript/fileName/EtraPauseMenu.cs:  -> 052089b1dcaa53f88902d835d6602240
  custom:scripting/monoscript/fileName/FpsCounter.cs:  -> fe53ff583ee59e87b9c5c84fe6a9d316
  custom:scripting/monoscript/fileName/EtraAudioMenu.cs:  -> ff0e85f184c58df5ba5ae4a0ce48d66e
  custom:scripting/monoscript/fileName/LoadSavedEtraStandardMenuSettings.cs:  -> 63a92c21f756acbe1741645df4702686
  custom:scripting/monoscript/fileName/EtraStandardMenusManager.cs:  -> 8eff3292d0d5687c8f1ada5b0056583f
  custom:scripting/monoscript/fileName/EtraStandardMenu.cs:  -> ca109e1af89bb82925b98e5d68b2b203
  custom:scripting/monoscript/fileName/EtraSlider.cs:  -> 47c9809087b164693bbbd074d9c08b8c
  custom:scripting/monoscript/fileName/EtraGraphicsMenu.cs:  -> 0e1c725d2b363f964dbd562cb9d9fdd5
========================================================================
Received Import Request.
  Time since last request: 4757.696005 seconds.
  path: Assets/Etra Games
  artifactKey: Guid(2d27131fc2475b640bfb7f65166ac447) Importer(815301076,1909f56bfc062723c751e8b465ee728b)
Start importing Assets/Etra Games using Guid(2d27131fc2475b640bfb7f65166ac447) Importer(815301076,1909f56bfc062723c751e8b465ee728b)  -> (artifact id: '443db3a2698d44a391cde116dac7245e') in 0.001032 seconds
Number of updated asset objects reloaded before import = 0
Number of asset objects unloaded after import = 0
========================================================================
Received Import Request.
  Time since last request: 3.431731 seconds.
  path: Assets/Etra Games/Etra'sStarterAssets/Etra.StarterAssets.asmdef
  artifactKey: Guid(a82ee7efe58c3bc4585c743050ac014c) Importer(815301076,1909f56bfc062723c751e8b465ee728b)
Start importing Assets/Etra Games/Etra'sStarterAssets/Etra.StarterAssets.asmdef using Guid(a82ee7efe58c3bc4585c743050ac014c) Importer(815301076,1909f56bfc062723c751e8b465ee728b)  -> (artifact id: '50556a91752d5d07c48632bf6e170282') in 0.000347 seconds
Number of updated asset objects reloaded before import = 0
Number of asset objects unloaded after import = 0
========================================================================
Received Import Request.
  Time since last request: 0.670312 seconds.
  path: Assets/Etra Games/Etra'sStarterAssets/2-Source
  artifactKey: Guid(34b1f7bb62fd0f241bc8aff7cfb9bfd6) Importer(815301076,1909f56bfc062723c751e8b465ee728b)
Start importing Assets/Etra Games/Etra'sStarterAssets/2-Source using Guid(34b1f7bb62fd0f241bc8aff7cfb9bfd6) Importer(815301076,1909f56bfc062723c751e8b465ee728b)  -> (artifact id: '95e51019af931dc74a42c999fbdcd19a') in 0.000582 seconds
Number of updated asset objects reloaded before import = 0
Number of asset objects unloaded after import = 0
========================================================================
Received Import Request.
  Time since last request: 0.489295 seconds.
  path: Assets/Etra Games/Etra'sStarterAssets/2-Source/Editor
  artifactKey: Guid(b9671544ecacda945a247db6d8bcb0f9) Importer(815301076,1909f56bfc062723c751e8b465ee728b)
Start importing Assets/Etra Games/Etra'sStarterAssets/2-Source/Editor using Guid(b9671544ecacda945a247db6d8bcb0f9) Importer(815301076,1909f56bfc062723c751e8b465ee728b)  -> (artifact id: '0604c20e162c8ce8ca183c6cd510824d') in 0.000438 seconds
Number of updated asset objects reloaded before import = 0
Number of asset objects unloaded after import = 0
========================================================================
Received Import Request.
  Time since last request: 1.487856 seconds.
  path: Assets/Etra Games/Etra'sStarterAssets/2-Source/Materials
  artifactKey: Guid(840bcd10b28954d46b21aec1d2a706da) Importer(815301076,1909f56bfc062723c751e8b465ee728b)
Start importing Assets/Etra Games/Etra'sStarterAssets/2-Source/Materials using Guid(840bcd10b28954d46b21aec1d2a706da) Importer(815301076,1909f56bfc062723c751e8b465ee728b)  -> (artifact id: '884a2e15dbde8fef25c3babad9afd13c') in 0.000416 seconds
Number of updated asset objects reloaded before import = 0
Number of asset objects unloaded after import = 0
========================================================================
Received Import Request.
  Time since last request: 1.040764 seconds.
  path: Assets/Etra Games/Etra'sStarterAssets/2-Source/Models
  artifactKey: Guid(14cfd9fd46a877141a095b1793222d1f) Importer(815301076,1909f56bfc062723c751e8b465ee728b)
Start importing Assets/Etra Games/Etra'sStarterAssets/2-Source/Models using Guid(14cfd9fd46a877141a095b1793222d1f) Importer(815301076,1909f56bfc062723c751e8b465ee728b)  -> (artifact id: '6558276527c79f3e71871c591f65efd3') in 0.000391 seconds
Number of updated asset objects reloaded before import = 0
Number of asset objects unloaded after import = 0
========================================================================
Received Import Request.
  Time since last request: 0.738405 seconds.
  path: Assets/Etra Games/Etra'sStarterAssets/2-Source/Animations
  artifactKey: Guid(e96d57b898dff3f418a3317b881a8057) Importer(815301076,1909f56bfc062723c751e8b465ee728b)
Start importing Assets/Etra Games/Etra'sStarterAssets/2-Source/Animations using Guid(e96d57b898dff3f418a3317b881a8057) Importer(815301076,1909f56bfc062723c751e8b465ee728b)  -> (artifact id: '114eba51fc4e05bffb0a256b4dea3c45') in 0.000423 seconds
Number of updated asset objects reloaded before import = 0
Number of asset objects unloaded after import = 0
========================================================================
Received Import Request.
  Time since last request: 3.498309 seconds.
  path: Assets/Etra Games/Etra'sStarterAssets/1-UserAssets/CharacterAsset
  artifactKey: Guid(34e0661001cfc1b488737d0941f60035) Importer(815301076,1909f56bfc062723c751e8b465ee728b)
Start importing Assets/Etra Games/Etra'sStarterAssets/1-UserAssets/CharacterAsset using Guid(34e0661001cfc1b488737d0941f60035) Importer(815301076,1909f56bfc062723c751e8b465ee728b)  -> (artifact id: 'd61b84839f81919ebcc234bb67d60e9d') in 0.000420 seconds
Number of updated asset objects reloaded before import = 0
Number of asset objects unloaded after import = 0
========================================================================
Received Import Request.
  Time since last request: 0.917501 seconds.
  path: Assets/Etra Games/Etra'sStarterAssets/1-UserAssets/CharacterAsset/GameplayMenu
  artifactKey: Guid(84d858928cc8ebe4b8565a9bf6b31bd5) Importer(815301076,1909f56bfc062723c751e8b465ee728b)
Start importing Assets/Etra Games/Etra'sStarterAssets/1-UserAssets/CharacterAsset/GameplayMenu using Guid(84d858928cc8ebe4b8565a9bf6b31bd5) Importer(815301076,1909f56bfc062723c751e8b465ee728b)  -> (artifact id: 'fa6bbbf71461f8f785c80381f32d018f') in 0.000447 seconds
Number of updated asset objects reloaded before import = 0
Number of asset objects unloaded after import = 0
========================================================================
Received Import Request.
  Time since last request: 1.284585 seconds.
  path: Assets/Etra Games/Etra'sStarterAssets/1-UserAssets/CharacterAsset/InputSystem
  artifactKey: Guid(48c9acd554a28814b922162e3fa889b0) Importer(815301076,1909f56bfc062723c751e8b465ee728b)
Start importing Assets/Etra Games/Etra'sStarterAssets/1-UserAssets/CharacterAsset/InputSystem using Guid(48c9acd554a28814b922162e3fa889b0) Importer(815301076,1909f56bfc062723c751e8b465ee728b)  -> (artifact id: '957bbb08d60bf92f93cc721b6038ba3d') in 0.000472 seconds
Number of updated asset objects reloaded before import = 0
Number of asset objects unloaded after import = 0
========================================================================
Received Import Request.
  Time since last request: 1.966748 seconds.
  path: Assets/Etra Games/Etra'sStarterAssets/1-UserAssets/CharacterAsset/Prefabs
  artifactKey: Guid(486b9ce4580fbf84b9333b6a615dd13e) Importer(815301076,1909f56bfc062723c751e8b465ee728b)
Start importing Assets/Etra Games/Etra'sStarterAssets/1-UserAssets/CharacterAsset/Prefabs using Guid(486b9ce4580fbf84b9333b6a615dd13e) Importer(815301076,1909f56bfc062723c751e8b465ee728b)  -> (artifact id: '201ae6d3edd5f587ddaca20f6c6dd8c8') in 0.000373 seconds
Number of updated asset objects reloaded before import = 0
Number of asset objects unloaded after import = 0
========================================================================
Received Import Request.
  Time since last request: 3.236357 seconds.
  path: Assets/Etra Games/Etra'sStarterAssets/1-UserAssets/CharacterAsset/Prefabs/FPS_DemoCharacter.prefab
  artifactKey: Guid(4a2a14f36008f4845a48ffd312763189) Importer(815301076,1909f56bfc062723c751e8b465ee728b)
Start importing Assets/Etra Games/Etra'sStarterAssets/1-UserAssets/CharacterAsset/Prefabs/FPS_DemoCharacter.prefab using Guid(4a2a14f36008f4845a48ffd312763189) Importer(815301076,1909f56bfc062723c751e8b465ee728b)  -> (artifact id: 'a9380559821de9066ad360998a3f3044') in 0.503622 seconds
Number of updated asset objects reloaded before import = 0
Number of asset objects unloaded after import = 908
========================================================================
Received Import Request.
  Time since last request: 0.844090 seconds.
  path: Assets/Etra Games/Etra'sStarterAssets/1-UserAssets/CharacterAsset/Prefabs/TPS_DemoCharacter.prefab
  artifactKey: Guid(fbbb9577cfacfe74191841c8a57f27ec) Importer(815301076,1909f56bfc062723c751e8b465ee728b)
Start importing Assets/Etra Games/Etra'sStarterAssets/1-UserAssets/CharacterAsset/Prefabs/TPS_DemoCharacter.prefab using Guid(fbbb9577cfacfe74191841c8a57f27ec) Importer(815301076,1909f56bfc062723c751e8b465ee728b)  -> (artifact id: 'ce70904cd5016c3d96b31ba172e3fca0') in 0.418086 seconds
Number of updated asset objects reloaded before import = 0
Number of asset objects unloaded after import = 1088
========================================================================
Received Import Request.
  Time since last request: 8011.771657 seconds.
  path: Assets/Etra Games/Etra'sStarterAssets/1-UserAssets/CharacterAsset/Scripts
  artifactKey: Guid(4e445fa3b372c8445b87fe25018f7f9d) Importer(815301076,1909f56bfc062723c751e8b465ee728b)
Start importing Assets/Etra Games/Etra'sStarterAssets/1-UserAssets/CharacterAsset/Scripts using Guid(4e445fa3b372c8445b87fe25018f7f9d) Importer(815301076,1909f56bfc062723c751e8b465ee728b)  -> (artifact id: '440f83d4ab48171d6745056111415af2') in 0.009638 seconds
Number of updated asset objects reloaded before import = 0
Number of asset objects unloaded after import = 0
========================================================================
Received Import Request.
  Time since last request: 15.710289 seconds.
  path: Assets/Etra Games/Etra'sStarterAssets/2-Source/Models/AsourModels
  artifactKey: Guid(8795d78d4e2b3364aaadce416a12f302) Importer(815301076,1909f56bfc062723c751e8b465ee728b)
Start importing Assets/Etra Games/Etra'sStarterAssets/2-Source/Models/AsourModels using Guid(8795d78d4e2b3364aaadce416a12f302) Importer(815301076,1909f56bfc062723c751e8b465ee728b)  -> (artifact id: 'dd29c2a96eca9e45e2a3d9f242d195a1') in 0.000484 seconds
Number of updated asset objects reloaded before import = 0
Number of asset objects unloaded after import = 0
========================================================================
Received Import Request.
  Time since last request: 0.307503 seconds.
  path: Assets/Etra Games/Etra'sStarterAssets/2-Source/Models/AsourModels/Exit Icon License.txt
  artifactKey: Guid(2455bff3d68cfeb49a199a2082b21426) Importer(815301076,1909f56bfc062723c751e8b465ee728b)
Start importing Assets/Etra Games/Etra'sStarterAssets/2-Source/Models/AsourModels/Exit Icon License.txt using Guid(2455bff3d68cfeb49a199a2082b21426) Importer(815301076,1909f56bfc062723c751e8b465ee728b)  -> (artifact id: 'cbb16160c5ce7860e9a22122728b9951') in 0.003572 seconds
Number of updated asset objects reloaded before import = 0
Number of asset objects unloaded after import = 1
========================================================================
Received Import Request.
  Time since last request: 0.952276 seconds.
  path: Assets/Etra Games/Etra'sStarterAssets/2-Source/Models/AsourModels/physicsGrabber.fbx
  artifactKey: Guid(7fb06094f45956cc596e8b36a78ef932) Importer(815301076,1909f56bfc062723c751e8b465ee728b)
Start importing Assets/Etra Games/Etra'sStarterAssets/2-Source/Models/AsourModels/physicsGrabber.fbx using Guid(7fb06094f45956cc596e8b36a78ef932) Importer(815301076,1909f56bfc062723c751e8b465ee728b)  -> (artifact id: 'c80dad7f0bf6fd381a049c07a5887d19') in 0.349816 seconds
Number of updated asset objects reloaded before import = 0
Number of asset objects unloaded after import = 41
========================================================================
Received Import Request.
  Time since last request: 2.467098 seconds.
  path: Assets/Etra Games/Etra'sStarterAssets/2-Source/Models/AsourModels/scifiDoor.fbx
  artifactKey: Guid(52d987aaa397a2676940f04a85408c40) Importer(815301076,1909f56bfc062723c751e8b465ee728b)
Start importing Assets/Etra Games/Etra'sStarterAssets/2-Source/Models/AsourModels/scifiDoor.fbx using Guid(52d987aaa397a2676940f04a85408c40) Importer(815301076,1909f56bfc062723c751e8b465ee728b)  -> (artifact id: '59412e6d3a5dab1fb70ef9930d1b1690') in 0.171053 seconds
Number of updated asset objects reloaded before import = 0
Number of asset objects unloaded after import = 79
========================================================================
Received Import Request.
  Time since last request: 0.329723 seconds.
  path: Assets/Etra Games/Etra'sStarterAssets/2-Source/Models/AsourModels/standingButton.fbx
  artifactKey: Guid(30c3ffc58d622f140bbe3c26f1a4b478) Importer(815301076,1909f56bfc062723c751e8b465ee728b)
Start importing Assets/Etra Games/Etra'sStarterAssets/2-Source/Models/AsourModels/standingButton.fbx using Guid(30c3ffc58d622f140bbe3c26f1a4b478) Importer(815301076,1909f56bfc062723c751e8b465ee728b)  -> (artifact id: '865800244b3509c14ea2fec3816a6671') in 0.038229 seconds
Number of updated asset objects reloaded before import = 0
Number of asset objects unloaded after import = 22
========================================================================
Received Import Request.
  Time since last request: 5.800827 seconds.
  path: Assets/Etra Games/Etra'sStarterAssets/2-Source/Models/AsourModels/NewDoor.mat
  artifactKey: Guid(b1af9325f64d2b74db777a95a02014b4) Importer(815301076,1909f56bfc062723c751e8b465ee728b)
Start importing Assets/Etra Games/Etra'sStarterAssets/2-Source/Models/AsourModels/NewDoor.mat using Guid(b1af9325f64d2b74db777a95a02014b4) Importer(815301076,1909f56bfc062723c751e8b465ee728b)  -> (artifact id: '8c021933c43eac008cec95c5530f845b') in 0.008941 seconds
Number of updated asset objects reloaded before import = 0
Number of asset objects unloaded after import = 1
========================================================================
Received Import Request.
  Time since last request: 23.007471 seconds.
  path: Assets/Etra Games/Etra'sStarterAssets/2-Source/Textures
  artifactKey: Guid(e05badcd02abcfb45876b81f7b8d549f) Importer(815301076,1909f56bfc062723c751e8b465ee728b)
Start importing Assets/Etra Games/Etra'sStarterAssets/2-Source/Textures using Guid(e05badcd02abcfb45876b81f7b8d549f) Importer(815301076,1909f56bfc062723c751e8b465ee728b)  -> (artifact id: '86e0d63f843a612fd4addfe2f20756d0') in 0.000383 seconds
Number of updated asset objects reloaded before import = 0
Number of asset objects unloaded after import = 0
========================================================================
Received Import Request.
  Time since last request: 1.181001 seconds.
  path: Assets/Etra Games/Etra'sStarterAssets/2-Source/Textures/cursor.png
  artifactKey: Guid(ff6858eb819d80a4faf3f33b103fb883) Importer(815301076,1909f56bfc062723c751e8b465ee728b)
Start importing Assets/Etra Games/Etra'sStarterAssets/2-Source/Textures/cursor.png using Guid(ff6858eb819d80a4faf3f33b103fb883) Importer(815301076,1909f56bfc062723c751e8b465ee728b)  -> (artifact id: 'f0e9c2366aaadc70f146f0ce3235573c') in 0.028754 seconds
Number of updated asset objects reloaded before import = 0
Number of asset objects unloaded after import = 3
========================================================================
Received Import Request.
  Time since last request: 1.506959 seconds.
  path: Assets/Etra Games/Etra'sStarterAssets/2-Source/Textures/CircleOuterBorder.png
  artifactKey: Guid(508e7249c220860419e5c875369792ea) Importer(815301076,1909f56bfc062723c751e8b465ee728b)
Start importing Assets/Etra Games/Etra'sStarterAssets/2-Source/Textures/CircleOuterBorder.png using Guid(508e7249c220860419e5c875369792ea) Importer(815301076,1909f56bfc062723c751e8b465ee728b)  -> (artifact id: 'a1d259ef785a8115d4e6ab42790de3d7') in 0.009566 seconds
Number of updated asset objects reloaded before import = 0
Number of asset objects unloaded after import = 3
========================================================================
Received Import Request.
  Time since last request: 0.993305 seconds.
  path: Assets/Etra Games/Etra'sStarterAssets/2-Source/Textures/FlashlightTexture.png
  artifactKey: Guid(0fd8fb660d21ec442bf0763511ea5b26) Importer(815301076,1909f56bfc062723c751e8b465ee728b)
Start importing Assets/Etra Games/Etra'sStarterAssets/2-Source/Textures/FlashlightTexture.png using Guid(0fd8fb660d21ec442bf0763511ea5b26) Importer(815301076,1909f56bfc062723c751e8b465ee728b)  -> (artifact id: 'e624015ce4c7b28ae93f208a85cdf5d5') in 0.006984 seconds
Number of updated asset objects reloaded before import = 0
Number of asset objects unloaded after import = 2
========================================================================
Received Import Request.
  Time since last request: 0.215021 seconds.
  path: Assets/Etra Games/Etra'sStarterAssets/2-Source/Textures/g4nglogoWC-modified-modified.png
  artifactKey: Guid(2284b6e65a4ba8a439c0a31ec417875e) Importer(815301076,1909f56bfc062723c751e8b465ee728b)
Start importing Assets/Etra Games/Etra'sStarterAssets/2-Source/Textures/g4nglogoWC-modified-modified.png using Guid(2284b6e65a4ba8a439c0a31ec417875e) Importer(815301076,1909f56bfc062723c751e8b465ee728b)  -> (artifact id: '529a5044d37167b7967830edbeb3acaf') in 0.009786 seconds
Number of updated asset objects reloaded before import = 0
Number of asset objects unloaded after import = 3
========================================================================
Received Import Request.
  Time since last request: 0.400040 seconds.
  path: Assets/Etra Games/Etra'sStarterAssets/2-Source/Textures/GunDiffuse.001.png
  artifactKey: Guid(88b3eb0847d6b7e45bf1f18169e0a8c0) Importer(815301076,1909f56bfc062723c751e8b465ee728b)
Start importing Assets/Etra Games/Etra'sStarterAssets/2-Source/Textures/GunDiffuse.001.png using Guid(88b3eb0847d6b7e45bf1f18169e0a8c0) Importer(815301076,1909f56bfc062723c751e8b465ee728b)  -> (artifact id: 'f6a6d1ce52312607bc5aaf0953867e85') in 0.005897 seconds
Number of updated asset objects reloaded before import = 0
Number of asset objects unloaded after import = 2
========================================================================
Received Import Request.
  Time since last request: 0.252061 seconds.
  path: Assets/Etra Games/Etra'sStarterAssets/2-Source/Textures/hand left.png
  artifactKey: Guid(caa6239c9d2689b47b69c54307f76297) Importer(815301076,1909f56bfc062723c751e8b465ee728b)
Start importing Assets/Etra Games/Etra'sStarterAssets/2-Source/Textures/hand left.png using Guid(caa6239c9d2689b47b69c54307f76297) Importer(815301076,1909f56bfc062723c751e8b465ee728b)  -> (artifact id: '1f7ff95c2d2207a4db2109ecfe6fb081') in 0.005963 seconds
Number of updated asset objects reloaded before import = 0
Number of asset objects unloaded after import = 2
========================================================================
Received Import Request.
  Time since last request: 0.276369 seconds.
  path: Assets/Etra Games/Etra'sStarterAssets/2-Source/Textures/hand right.png
  artifactKey: Guid(032e513ac29c04e49ba4e499ab8e9c91) Importer(815301076,1909f56bfc062723c751e8b465ee728b)
Start importing Assets/Etra Games/Etra'sStarterAssets/2-Source/Textures/hand right.png using Guid(032e513ac29c04e49ba4e499ab8e9c91) Importer(815301076,1909f56bfc062723c751e8b465ee728b)  -> (artifact id: '936056ee495d868119098141bff598eb') in 0.005899 seconds
Number of updated asset objects reloaded before import = 0
Number of asset objects unloaded after import = 2
========================================================================
Received Import Request.
  Time since last request: 0.216022 seconds.
  path: Assets/Etra Games/Etra'sStarterAssets/2-Source/Textures/healthOverlay.png
  artifactKey: Guid(3f70020b97910d64a89338455c6588c5) Importer(815301076,1909f56bfc062723c751e8b465ee728b)
Start importing Assets/Etra Games/Etra'sStarterAssets/2-Source/Textures/healthOverlay.png using Guid(3f70020b97910d64a89338455c6588c5) Importer(815301076,1909f56bfc062723c751e8b465ee728b)  -> (artifact id: '6e4e186cb9f69559de1191e61d95ae59') in 0.012479 seconds
Number of updated asset objects reloaded before import = 0
Number of asset objects unloaded after import = 3
========================================================================
Received Import Request.
  Time since last request: 0.233575 seconds.
  path: Assets/Etra Games/Etra'sStarterAssets/2-Source/Textures/LargerEIcon.png
  artifactKey: Guid(139405c4106fda24db0d510ca959048a) Importer(815301076,1909f56bfc062723c751e8b465ee728b)
Start importing Assets/Etra Games/Etra'sStarterAssets/2-Source/Textures/LargerEIcon.png using Guid(139405c4106fda24db0d510ca959048a) Importer(815301076,1909f56bfc062723c751e8b465ee728b)  -> (artifact id: 'd6b761eb4bb9929ab7fc647677335ea0') in 0.008751 seconds
Number of updated asset objects reloaded before import = 0
Number of asset objects unloaded after import = 3
========================================================================
Received Import Request.
  Time since last request: 0.213671 seconds.
  path: Assets/Etra Games/Etra'sStarterAssets/2-Source/Textures/ropeTextureBeta.png
  artifactKey: Guid(142428420739d664dae5e8edcbe9843d) Importer(815301076,1909f56bfc062723c751e8b465ee728b)
Start importing Assets/Etra Games/Etra'sStarterAssets/2-Source/Textures/ropeTextureBeta.png using Guid(142428420739d664dae5e8edcbe9843d) Importer(815301076,1909f56bfc062723c751e8b465ee728b)  -> (artifact id: '063f803e74972c5e76f72d0efa67aeb7') in 0.005805 seconds
Number of updated asset objects reloaded before import = 0
Number of asset objects unloaded after import = 2
========================================================================
Received Import Request.
  Time since last request: 0.195998 seconds.
  path: Assets/Etra Games/Etra'sStarterAssets/2-Source/Textures/runningGuy.png
  artifactKey: Guid(57cb349471665c24c90924683f72dda1) Importer(815301076,1909f56bfc062723c751e8b465ee728b)
Start importing Assets/Etra Games/Etra'sStarterAssets/2-Source/Textures/runningGuy.png using Guid(57cb349471665c24c90924683f72dda1) Importer(815301076,1909f56bfc062723c751e8b465ee728b)  -> (artifact id: '3f4b74e58281da9b583cd8c0d00e332e') in 0.008960 seconds
Number of updated asset objects reloaded before import = 0
Number of asset objects unloaded after import = 3
========================================================================
Received Import Request.
  Time since last request: 0.196172 seconds.
  path: Assets/Etra Games/Etra'sStarterAssets/2-Source/Textures/ScreenWipe.png
  artifactKey: Guid(74d0a31008ab2b9499d933f4f5ce6201) Importer(815301076,1909f56bfc062723c751e8b465ee728b)
Start importing Assets/Etra Games/Etra'sStarterAssets/2-Source/Textures/ScreenWipe.png using Guid(74d0a31008ab2b9499d933f4f5ce6201) Importer(815301076,1909f56bfc062723c751e8b465ee728b)  -> (artifact id: 'c2ba64c82e88be10175da79b79fe7a64') in 0.010026 seconds
Number of updated asset objects reloaded before import = 0
Number of asset objects unloaded after import = 3
========================================================================
Received Import Request.
  Time since last request: 0.233576 seconds.
  path: Assets/Etra Games/Etra'sStarterAssets/2-Source/Textures/SwordTexture.png
  artifactKey: Guid(303d51485300a0840bb008176b56581f) Importer(815301076,1909f56bfc062723c751e8b465ee728b)
Start importing Assets/Etra Games/Etra'sStarterAssets/2-Source/Textures/SwordTexture.png using Guid(303d51485300a0840bb008176b56581f) Importer(815301076,1909f56bfc062723c751e8b465ee728b)  -> (artifact id: 'a4c7e1b25b7454852d737081ca56838e') in 0.005995 seconds
Number of updated asset objects reloaded before import = 0
Number of asset objects unloaded after import = 2
========================================================================
Received Import Request.
  Time since last request: 0.246216 seconds.
  path: Assets/Etra Games/Etra'sStarterAssets/2-Source/Textures/walkingGuy.png
  artifactKey: Guid(a9a6794e34f7bcb4ebab3b3cd10a661d) Importer(815301076,1909f56bfc062723c751e8b465ee728b)
Start importing Assets/Etra Games/Etra'sStarterAssets/2-Source/Textures/walkingGuy.png using Guid(a9a6794e34f7bcb4ebab3b3cd10a661d) Importer(815301076,1909f56bfc062723c751e8b465ee728b)  -> (artifact id: 'ad023494091849fc07db0fc4b77db6c4') in 0.009006 seconds
Number of updated asset objects reloaded before import = 0
Number of asset objects unloaded after import = 3
========================================================================
Received Import Request.
  Time since last request: 0.208077 seconds.
  path: Assets/Etra Games/Etra'sStarterAssets/2-Source/Textures/whitesmoke.png
  artifactKey: Guid(ee4bdc449c7d6808ba0f17edcdae83de) Importer(815301076,1909f56bfc062723c751e8b465ee728b)
Start importing Assets/Etra Games/Etra'sStarterAssets/2-Source/Textures/whitesmoke.png using Guid(ee4bdc449c7d6808ba0f17edcdae83de) Importer(815301076,1909f56bfc062723c751e8b465ee728b)  -> (artifact id: 'e0bb764e60912c27120fccae97970d3c') in 0.009170 seconds
Number of updated asset objects reloaded before import = 0
Number of asset objects unloaded after import = 3
========================================================================
Received Import Request.
  Time since last request: 1304.690368 seconds.
  path: Assets
  artifactKey: Guid(00000000000000001000000000000000) Importer(815301076,1909f56bfc062723c751e8b465ee728b)
Start importing Assets using Guid(00000000000000001000000000000000) Importer(815301076,1909f56bfc062723c751e8b465ee728b)  -> (artifact id: '8a4fe85251aa2e89732c359432baa2c3') in 0.001430 seconds
Number of updated asset objects reloaded before import = 0
Number of asset objects unloaded after import = 0
========================================================================
Received Import Request.
  Time since last request: 1.350808 seconds.
  path: Assets/Normal human.vrm
  artifactKey: Guid(9ec55a6ab72b9457e8fd77c853d6340b) Importer(815301076,1909f56bfc062723c751e8b465ee728b)
Start importing Assets/Normal human.vrm using Guid(9ec55a6ab72b9457e8fd77c853d6340b) Importer(815301076,1909f56bfc062723c751e8b465ee728b)  -> (artifact id: 'bf3544389d45da85fda3cdc5bb9f1271') in 0.004600 seconds
Number of updated asset objects reloaded before import = 0
Number of asset objects unloaded after import = 1
========================================================================
Received Import Request.
  Time since last request: 518.411626 seconds.
  path: Assets/VRMShaders/VRM10/MToon10/Resources/VRM10/vrmc_materials_mtoon_geometry_vertex.hlsl
  artifactKey: Guid(92e89e208e604f28acdce8a142d1e241) Importer(815301076,1909f56bfc062723c751e8b465ee728b)
Start importing Assets/VRMShaders/VRM10/MToon10/Resources/VRM10/vrmc_materials_mtoon_geometry_vertex.hlsl using Guid(92e89e208e604f28acdce8a142d1e241) Importer(815301076,1909f56bfc062723c751e8b465ee728b)  -> (artifact id: '92ddd507d5496929cd5db93fbac6953c') in 0.005442 seconds
Number of updated asset objects reloaded before import = 0
Number of asset objects unloaded after import = 1
========================================================================
Received Import Request.
  Time since last request: 0.000128 seconds.
  path: Assets/VRMShaders/VRM10/MToon10/Resources/VRM10/vrmc_materials_mtoon_shadowcaster_vertex.hlsl
  artifactKey: Guid(06e9bdc3bc909534399f25d6769c8396) Importer(815301076,1909f56bfc062723c751e8b465ee728b)
Start importing Assets/VRMShaders/VRM10/MToon10/Resources/VRM10/vrmc_materials_mtoon_shadowcaster_vertex.hlsl using Guid(06e9bdc3bc909534399f25d6769c8396) Importer(815301076,1909f56bfc062723c751e8b465ee728b)  -> (artifact id: 'bf2c142dc03d6d1f595ced31eaeafb6e') in 0.000873 seconds
Number of updated asset objects reloaded before import = 0
Number of asset objects unloaded after import = 1
========================================================================
Received Import Request.
  Time since last request: 0.000245 seconds.
  path: Assets/VRMShaders/VRM10/MToon10/Resources/VRM10/vrmc_materials_mtoon_shadowcaster_fragment.hlsl
  artifactKey: Guid(de3bc67bd63189846842d2a03b2b13a9) Importer(815301076,1909f56bfc062723c751e8b465ee728b)
Start importing Assets/VRMShaders/VRM10/MToon10/Resources/VRM10/vrmc_materials_mtoon_shadowcaster_fragment.hlsl using Guid(de3bc67bd63189846842d2a03b2b13a9) Importer(815301076,1909f56bfc062723c751e8b465ee728b)  -> (artifact id: 'fdd417f90de7951951a163369114de28') in 0.000665 seconds
Number of updated asset objects reloaded before import = 0
Number of asset objects unloaded after import = 1
========================================================================
Received Import Request.
  Time since last request: 0.000170 seconds.
  path: Assets/VRMShaders/VRM10/MToon10/Resources/VRM10/vrmc_materials_mtoon_lighting_unity.hlsl
  artifactKey: Guid(08491980bb224017bbb8e432761db8c4) Importer(815301076,1909f56bfc062723c751e8b465ee728b)
Start importing Assets/VRMShaders/VRM10/MToon10/Resources/VRM10/vrmc_materials_mtoon_lighting_unity.hlsl using Guid(08491980bb224017bbb8e432761db8c4) Importer(815301076,1909f56bfc062723c751e8b465ee728b)  -> (artifact id: '0fc8c0d1068fdb8058ffdfd8b9246286') in 0.000594 seconds
Number of updated asset objects reloaded before import = 0
Number of asset objects unloaded after import = 1
========================================================================
Received Import Request.
  Time since last request: 0.000112 seconds.
  path: Assets/VRMShaders/VRM10/MToon10/Resources/VRM10/vrmc_materials_mtoon_utility.hlsl
  artifactKey: Guid(79a73f8bac4e45498341e9b6c1ea841e) Importer(815301076,1909f56bfc062723c751e8b465ee728b)
Start importing Assets/VRMShaders/VRM10/MToon10/Resources/VRM10/vrmc_materials_mtoon_utility.hlsl using Guid(79a73f8bac4e45498341e9b6c1ea841e) Importer(815301076,1909f56bfc062723c751e8b465ee728b)  -> (artifact id: '30de7505855b9955fb7448fda305a53c') in 0.000745 seconds
Number of updated asset objects reloaded before import = 0
Number of asset objects unloaded after import = 1
========================================================================
Received Import Request.
  Time since last request: 0.000147 seconds.
  path: Assets/VRMShaders/VRM10/MToon10/Resources/VRM10/vrmc_materials_mtoon_lighting_mtoon.hlsl
  artifactKey: Guid(54d13d2ffd7249259772084874b76659) Importer(815301076,1909f56bfc062723c751e8b465ee728b)
Start importing Assets/VRMShaders/VRM10/MToon10/Resources/VRM10/vrmc_materials_mtoon_lighting_mtoon.hlsl using Guid(54d13d2ffd7249259772084874b76659) Importer(815301076,1909f56bfc062723c751e8b465ee728b)  -> (artifact id: '410ee487f48f8abbf090512d12044f7a') in 0.000702 seconds
Number of updated asset objects reloaded before import = 0
Number of asset objects unloaded after import = 1
========================================================================
Received Import Request.
  Time since last request: 0.000332 seconds.
  path: Assets/VRMShaders/VRM10/MToon10/Resources/VRM10/vrmc_materials_mtoon_render_pipeline.hlsl
  artifactKey: Guid(4c9e0c12587dbb5488a3e07dfc9430d3) Importer(815301076,1909f56bfc062723c751e8b465ee728b)
Start importing Assets/VRMShaders/VRM10/MToon10/Resources/VRM10/vrmc_materials_mtoon_render_pipeline.hlsl using Guid(4c9e0c12587dbb5488a3e07dfc9430d3) Importer(815301076,1909f56bfc062723c751e8b465ee728b)  -> (artifact id: '0615c550630d8114bc33b0398efab2a8') in 0.000660 seconds
Number of updated asset objects reloaded before import = 0
Number of asset objects unloaded after import = 1
========================================================================
Received Import Request.
  Time since last request: 1.599571 seconds.
  path: Assets/VRMShaders/VRM10/MToon10/Resources/VRM10/vrmc_materials_mtoon_urp.shader
  artifactKey: Guid(0781c64b7f2a1604ea6aa7e252080372) Importer(815301076,1909f56bfc062723c751e8b465ee728b)
Start importing Assets/VRMShaders/VRM10/MToon10/Resources/VRM10/vrmc_materials_mtoon_urp.shader using Guid(0781c64b7f2a1604ea6aa7e252080372) Importer(815301076,1909f56bfc062723c751e8b465ee728b) Shader 'VRM10/Universal Render Pipeline/MToon10': fallback shader 'Hidden/Universal Render Pipeline/FallbackError' not found
 -> (artifact id: '9ef75b0cc6ec7ba3b0e6d847b3d794cf') in 0.003936 seconds
Number of updated asset objects reloaded before import = 0
Number of asset objects unloaded after import = 1
========================================================================
Received Import Request.
  Time since last request: 58.473320 seconds.
  path: Assets/Resorces
  artifactKey: Guid(5ea06fb5b4ef64a06affaa1a4610f790) Importer(815301076,1909f56bfc062723c751e8b465ee728b)
Start importing Assets/Resorces using Guid(5ea06fb5b4ef64a06affaa1a4610f790) Importer(815301076,1909f56bfc062723c751e8b465ee728b)  -> (artifact id: '8792653fae06da687cdaec2b98c589cc') in 0.000352 seconds
Number of updated asset objects reloaded before import = 0
Number of asset objects unloaded after import = 0
========================================================================
Received Import Request.
  Time since last request: 10.744388 seconds.
  path: Assets/Resorces/human
  artifactKey: Guid(6e860e415c55b4f78882a98efcbf6811) Importer(815301076,1909f56bfc062723c751e8b465ee728b)
Start importing Assets/Resorces/human using Guid(6e860e415c55b4f78882a98efcbf6811) Importer(815301076,1909f56bfc062723c751e8b465ee728b)  -> (artifact id: '990d9208269f93c7cb526d4c59d932bd') in 0.000451 seconds
Number of updated asset objects reloaded before import = 0
Number of asset objects unloaded after import = 0
========================================================================
Received Import Request.
  Time since last request: 14.817890 seconds.
  path: Assets/Resorces/human/Normal human.vrm
  artifactKey: Guid(c01eb3791eb264c6e9e5a32b56212e55) Importer(815301076,1909f56bfc062723c751e8b465ee728b)
Start importing Assets/Resorces/human/Normal human.vrm using Guid(c01eb3791eb264c6e9e5a32b56212e55) Importer(815301076,1909f56bfc062723c751e8b465ee728b)  -> (artifact id: '2c701d5db8da45b673c67bad4337b662') in 0.001282 seconds
Number of updated asset objects reloaded before import = 0
Number of asset objects unloaded after import = 1
========================================================================
Received Import Request.
  Time since last request: 29.140319 seconds.
  path: Assets/VRM
  artifactKey: Guid(8047ecfc909c7f044bad5c7d10844e41) Importer(815301076,1909f56bfc062723c751e8b465ee728b)
Start importing Assets/VRM using Guid(8047ecfc909c7f044bad5c7d10844e41) Importer(815301076,1909f56bfc062723c751e8b465ee728b)  -> (artifact id: '26d3bda5f59f02134aa1b8176fa452ed') in 0.000442 seconds
Number of updated asset objects reloaded before import = 0
Number of asset objects unloaded after import = 0
========================================================================
Received Import Request.
  Time since last request: 0.549254 seconds.
  path: Assets/UniGLTF
  artifactKey: Guid(4502ffceb7ee07441a884e5033f953a7) Importer(815301076,1909f56bfc062723c751e8b465ee728b)
Start importing Assets/UniGLTF using Guid(4502ffceb7ee07441a884e5033f953a7) Importer(815301076,1909f56bfc062723c751e8b465ee728b)  -> (artifact id: '3fec05daecc567c7772979395cc71289') in 0.000444 seconds
Number of updated asset objects reloaded before import = 0
Number of asset objects unloaded after import = 0
========================================================================
Received Import Request.
  Time since last request: 1.342944 seconds.
  path: Assets/VRMShaders
  artifactKey: Guid(503ae90aee4d0224db69e4e74762223b) Importer(815301076,1909f56bfc062723c751e8b465ee728b)
Start importing Assets/VRMShaders using Guid(503ae90aee4d0224db69e4e74762223b) Importer(815301076,1909f56bfc062723c751e8b465ee728b)  -> (artifact id: '5ece253581b1c0d10c7c7fcfe7c330d6') in 0.000366 seconds
Number of updated asset objects reloaded before import = 0
Number of asset objects unloaded after import = 0
========================================================================
Received Import Request.
  Time since last request: 28.726115 seconds.
  path: Assets/Etra Games/Etra'sStarterAssets/1-UserAssets/Readme.asset
  artifactKey: Guid(4bbba03f3ed882d41bc9a67391c8479e) Importer(815301076,1909f56bfc062723c751e8b465ee728b)
Start importing Assets/Etra Games/Etra'sStarterAssets/1-UserAssets/Readme.asset using Guid(4bbba03f3ed882d41bc9a67391c8479e) Importer(815301076,1909f56bfc062723c751e8b465ee728b)  -> (artifact id: '464a8755cd1f1782bf144ed2ff5e2640') in 0.001358 seconds
Number of updated asset objects reloaded before import = 0
Number of asset objects unloaded after import = 1
========================================================================
Received Import Request.
  Time since last request: 8.656154 seconds.
  path: Assets/Etra Games/Etra'sStarterAssets/1-UserAssets/CharacterAsset/Scripts/EtraCharacterMainController.cs
  artifactKey: Guid(6cddb9d25f153314eb2305338c5ef629) Importer(815301076,1909f56bfc062723c751e8b465ee728b)
Start importing Assets/Etra Games/Etra'sStarterAssets/1-UserAssets/CharacterAsset/Scripts/EtraCharacterMainController.cs using Guid(6cddb9d25f153314eb2305338c5ef629) Importer(815301076,1909f56bfc062723c751e8b465ee728b)  -> (artifact id: '5622eeb2d6dd0d84b9dd021f5e2c7d13') in 0.000426 seconds
Number of updated asset objects reloaded before import = 0
Number of asset objects unloaded after import = 0
========================================================================
Received Prepare
Default GameObject BitMask: UI already registered
Begin MonoManager ReloadAssembly
Thread 0x171cbb000 may have been prematurely finalized
- Loaded All Assemblies, in  0.368 seconds
Refreshing native plugins compatible for Editor in 0.91 ms, found 2 plugins.
Native extension for LinuxStandalone target not found
Native extension for WindowsStandalone target not found
Native extension for OSXStandalone target not found
[Package Manager] Server::EnsureServerProcessIsRunning -- launch failed, reason: Unity was launched with the -noUpm command-line argument
[Package Manager] UpmClient::Send -- Unable to send message (not connected to UPM process).
[Package Manager] Cannot connect to Unity Package Manager local server
Mono: successfully reloaded assembly
- Finished resetting the current domain, in  0.681 seconds
Domain Reload Profiling: 1049ms
	BeginReloadAssembly (117ms)
		ExecutionOrderSort (0ms)
		DisableScriptedObjects (3ms)
		BackupInstance (0ms)
		ReleaseScriptingObjects (0ms)
		CreateAndSetChildDomain (45ms)
	RebuildCommonClasses (23ms)
	RebuildNativeTypeToScriptingClass (8ms)
	initialDomainReloadingComplete (22ms)
	LoadAllAssembliesAndSetupDomain (198ms)
		LoadAssemblies (207ms)
		RebuildTransferFunctionScriptingTraits (0ms)
		AnalyzeDomain (25ms)
			TypeCache.Refresh (11ms)
				TypeCache.ScanAssembly (2ms)
			ScanForSourceGeneratedMonoScriptInfo (9ms)
			ResolveRequiredComponents (5ms)
	FinalizeReload (681ms)
		ReleaseScriptCaches (0ms)
		RebuildScriptCaches (0ms)
		SetupLoadedEditorAssemblies (250ms)
			LogAssemblyErrors (0ms)
			InitializePlatformSupportModulesInManaged (4ms)
			SetLoadedEditorAssemblies (2ms)
			RefreshPlugins (0ms)
			BeforeProcessingInitializeOnLoad (31ms)
			ProcessInitializeOnLoadAttributes (195ms)
			ProcessInitializeOnLoadMethodAttributes (18ms)
			AfterProcessingInitializeOnLoad (1ms)
			EditorAssembliesLoaded (0ms)
		ExecutionOrderSort2 (0ms)
		AwakeInstancesAfterBackupRestoration (2ms)
Refreshing native plugins compatible for Editor in 0.88 ms, found 2 plugins.
Preloading 0 native plugins for Editor in 0.00 ms.
Unloading 3740 Unused Serialized files (Serialized files now loaded: 0)
Unloading 32 unused Assets / (105.2 KB). Loaded Objects now: 4304.
Memory consumption went from 147.1 MB to 147.0 MB.
Total: 2.571916 ms (FindLiveObjects: 0.145042 ms CreateObjectMapping: 0.048583 ms MarkObjects: 2.279292 ms  DeleteObjects: 0.098709 ms)

Prepare: number of updated asset objects reloaded= 0
AssetImportParameters requested are different than current active one (requested -> active):
  custom:container-demuxer-ogg: 62fdf1f143b41e24485cea50d1cbac27 -> 
  custom:video-decoder-ogg-theora: a1e56fd34408186e4bbccfd4996cb3dc -> 
  custom:CustomObjectIndexerAttribute: 756ad292c208cfabdd7b50bc23989ffe -> 
  custom:container-demuxer-webm: 4f35f7cbe854078d1ac9338744f61a02 -> 
  custom:container-muxer-webm: aa71ff27fc2769a1b78a27578f13a17b -> 
  custom:video-decoder-webm-vp8: 9c59270c3fd7afecdb556c50c9e8de78 -> 
  custom:SearchIndexIgnoredProperties: e643bd26f0fe6173181afceb89e7c659 -> 
  custom:AudioImporter_EditorPlatform: 3918e3fc78b5a79bad01e8451be0beb8 -> 
  custom:framework-osx-AVFoundation: e770b220cccbd017edd2c1fefb359320 -> 
  custom:video-encoder-webm-vp8: eb34c28f22e8b96e1ab97ce403110664 -> 
  custom:audio-decoder-ogg-vorbis: bf7c407c2cedff20999df2af8eb42d56 -> 
  custom:audio-encoder-webm-vorbis: bf7c407c2cedff20999df2af8eb42d56 -> 
========================================================================
Received Prepare
Default GameObject BitMask: UI already registered
Begin MonoManager ReloadAssembly
Thread 0x16fa03000 may have been prematurely finalized
- Loaded All Assemblies, in  0.295 seconds
Refreshing native plugins compatible for Editor in 0.74 ms, found 2 plugins.
Native extension for LinuxStandalone target not found
Native extension for WindowsStandalone target not found
Native extension for OSXStandalone target not found
[Package Manager] Server::EnsureServerProcessIsRunning -- launch failed, reason: Unity was launched with the -noUpm command-line argument
[Package Manager] UpmClient::Send -- Unable to send message (not connected to UPM process).
[Package Manager] Cannot connect to Unity Package Manager local server
Mono: successfully reloaded assembly
- Finished resetting the current domain, in  0.623 seconds
Domain Reload Profiling: 918ms
	BeginReloadAssembly (89ms)
		ExecutionOrderSort (0ms)
		DisableScriptedObjects (3ms)
		BackupInstance (0ms)
		ReleaseScriptingObjects (0ms)
		CreateAndSetChildDomain (30ms)
	RebuildCommonClasses (22ms)
	RebuildNativeTypeToScriptingClass (8ms)
	initialDomainReloadingComplete (13ms)
	LoadAllAssembliesAndSetupDomain (162ms)
		LoadAssemblies (169ms)
		RebuildTransferFunctionScriptingTraits (0ms)
		AnalyzeDomain (25ms)
			TypeCache.Refresh (12ms)
				TypeCache.ScanAssembly (0ms)
			ScanForSourceGeneratedMonoScriptInfo (8ms)
			ResolveRequiredComponents (4ms)
	FinalizeReload (624ms)
		ReleaseScriptCaches (0ms)
		RebuildScriptCaches (0ms)
		SetupLoadedEditorAssemblies (254ms)
			LogAssemblyErrors (0ms)
			InitializePlatformSupportModulesInManaged (4ms)
			SetLoadedEditorAssemblies (3ms)
			RefreshPlugins (0ms)
			BeforeProcessingInitializeOnLoad (40ms)
			ProcessInitializeOnLoadAttributes (197ms)
			ProcessInitializeOnLoadMethodAttributes (9ms)
			AfterProcessingInitializeOnLoad (1ms)
			EditorAssembliesLoaded (0ms)
		ExecutionOrderSort2 (0ms)
		AwakeInstancesAfterBackupRestoration (2ms)
Refreshing native plugins compatible for Editor in 0.74 ms, found 2 plugins.
Preloading 0 native plugins for Editor in 0.00 ms.
Unloading 3602 Unused Serialized files (Serialized files now loaded: 0)
Unloading 146 unused Assets / (166.3 KB). Loaded Objects now: 4196.
Memory consumption went from 147.5 MB to 147.3 MB.
Total: 2.608375 ms (FindLiveObjects: 0.135250 ms CreateObjectMapping: 0.046959 ms MarkObjects: 2.128708 ms  DeleteObjects: 0.297083 ms)

Prepare: number of updated asset objects reloaded= 22
AssetImportParameters requested are different than current active one (requested -> active):
  custom:container-demuxer-ogg: 62fdf1f143b41e24485cea50d1cbac27 -> 
  custom:video-decoder-ogg-theora: a1e56fd34408186e4bbccfd4996cb3dc -> 
  custom:CustomObjectIndexerAttribute: 756ad292c208cfabdd7b50bc23989ffe -> 
  custom:container-demuxer-webm: 4f35f7cbe854078d1ac9338744f61a02 -> 
  custom:container-muxer-webm: aa71ff27fc2769a1b78a27578f13a17b -> 
  custom:video-decoder-webm-vp8: 9c59270c3fd7afecdb556c50c9e8de78 -> 
  custom:SearchIndexIgnoredProperties: e643bd26f0fe6173181afceb89e7c659 -> 
  custom:AudioImporter_EditorPlatform: 3918e3fc78b5a79bad01e8451be0beb8 -> 
  custom:framework-osx-AVFoundation: e770b220cccbd017edd2c1fefb359320 -> 
  custom:video-encoder-webm-vp8: eb34c28f22e8b96e1ab97ce403110664 -> 
  custom:audio-decoder-ogg-vorbis: bf7c407c2cedff20999df2af8eb42d56 -> 
  custom:audio-encoder-webm-vorbis: bf7c407c2cedff20999df2af8eb42d56 -> 
========================================================================
Received Prepare
Default GameObject BitMask: UI already registered
Begin MonoManager ReloadAssembly
Thread 0x16fa03000 may have been prematurely finalized
- Loaded All Assemblies, in  0.352 seconds
Refreshing native plugins compatible for Editor in 0.78 ms, found 2 plugins.
Native extension for LinuxStandalone target not found
Native extension for WindowsStandalone target not found
Native extension for OSXStandalone target not found
Assertion failed
UnityEngine.StackTraceUtility:ExtractStackTrace () (at /Users/bokken/build/output/unity/unity/Runtime/Export/Scripting/StackTrace.cs:37)
UnityEngine.DebugLogHandler:LogFormat (UnityEngine.LogType,UnityEngine.Object,string,object[])
UnityEngine.Logger:Log (UnityEngine.LogType,object)
UnityEngine.Debug:Assert (bool)
UnityEngine.InputSystem.InputManager:get_settings () (at ./Library/PackageCache/com.unity.inputsystem@1.6.3/InputSystem/InputManager.cs:93)
UnityEngine.InputSystem.InputSystem:get_settings () (at ./Library/PackageCache/com.unity.inputsystem@1.6.3/InputSystem/InputSystem.cs:2892)
UnityEngine.InputSystem.InputSystem:InitializeInEditor (UnityEngine.InputSystem.LowLevel.IInputRuntime) (at ./Library/PackageCache/com.unity.inputsystem@1.6.3/InputSystem/InputSystem.cs:3454)
UnityEngine.InputSystem.InputSystem:.cctor () (at ./Library/PackageCache/com.unity.inputsystem@1.6.3/InputSystem/InputSystem.cs:3366)
System.Runtime.CompilerServices.RuntimeHelpers:RunClassConstructor (System.RuntimeTypeHandle)
UnityEditor.EditorAssemblies:ProcessInitializeOnLoadAttributes (System.Type[]) (at /Users/bokken/build/output/unity/unity/Editor/Mono/EditorAssemblies.cs:119)

(Filename: ./Library/PackageCache/com.unity.inputsystem@1.6.3/InputSystem/InputManager.cs Line: 93)

Assertion failed
UnityEngine.StackTraceUtility:ExtractStackTrace () (at /Users/bokken/build/output/unity/unity/Runtime/Export/Scripting/StackTrace.cs:37)
UnityEngine.DebugLogHandler:LogFormat (UnityEngine.LogType,UnityEngine.Object,string,object[])
UnityEngine.Logger:Log (UnityEngine.LogType,object)
UnityEngine.Debug:Assert (bool)
UnityEngine.InputSystem.InputSystem:InitializeInEditor (UnityEngine.InputSystem.LowLevel.IInputRuntime) (at ./Library/PackageCache/com.unity.inputsystem@1.6.3/InputSystem/InputSystem.cs:3454)
UnityEngine.InputSystem.InputSystem:.cctor () (at ./Library/PackageCache/com.unity.inputsystem@1.6.3/InputSystem/InputSystem.cs:3366)
System.Runtime.CompilerServices.RuntimeHelpers:RunClassConstructor (System.RuntimeTypeHandle)
UnityEditor.EditorAssemblies:ProcessInitializeOnLoadAttributes (System.Type[]) (at /Users/bokken/build/output/unity/unity/Editor/Mono/EditorAssemblies.cs:119)

(Filename: ./Library/PackageCache/com.unity.inputsystem@1.6.3/InputSystem/InputSystem.cs Line: 3454)

Assertion failed
UnityEngine.StackTraceUtility:ExtractStackTrace () (at /Users/bokken/build/output/unity/unity/Runtime/Export/Scripting/StackTrace.cs:37)
UnityEngine.DebugLogHandler:LogFormat (UnityEngine.LogType,UnityEngine.Object,string,object[])
UnityEngine.Logger:Log (UnityEngine.LogType,object)
UnityEngine.Debug:Assert (bool)
UnityEngine.InputSystem.InputManager:get_settings () (at ./Library/PackageCache/com.unity.inputsystem@1.6.3/InputSystem/InputManager.cs:93)
UnityEngine.InputSystem.InputSystem:get_settings () (at ./Library/PackageCache/com.unity.inputsystem@1.6.3/InputSystem/InputSystem.cs:2892)
UnityEngine.InputSystem.InputSystem:InitializeInEditor (UnityEngine.InputSystem.LowLevel.IInputRuntime) (at ./Library/PackageCache/com.unity.inputsystem@1.6.3/InputSystem/InputSystem.cs:3456)
UnityEngine.InputSystem.InputSystem:.cctor () (at ./Library/PackageCache/com.unity.inputsystem@1.6.3/InputSystem/InputSystem.cs:3366)
System.Runtime.CompilerServices.RuntimeHelpers:RunClassConstructor (System.RuntimeTypeHandle)
UnityEditor.EditorAssemblies:ProcessInitializeOnLoadAttributes (System.Type[]) (at /Users/bokken/build/output/unity/unity/Editor/Mono/EditorAssemblies.cs:119)

(Filename: ./Library/PackageCache/com.unity.inputsystem@1.6.3/InputSystem/InputManager.cs Line: 93)

InputSettings has lost its native object
UnityEngine.StackTraceUtility:ExtractStackTrace () (at /Users/bokken/build/output/unity/unity/Runtime/Export/Scripting/StackTrace.cs:37)
UnityEngine.DebugLogHandler:LogFormat (UnityEngine.LogType,UnityEngine.Object,string,object[])
UnityEngine.Logger:Log (UnityEngine.LogType,object)
UnityEngine.Debug:Assert (bool,string)
UnityEngine.InputSystem.InputSystem:InitializeInEditor (UnityEngine.InputSystem.LowLevel.IInputRuntime) (at ./Library/PackageCache/com.unity.inputsystem@1.6.3/InputSystem/InputSystem.cs:3456)
UnityEngine.InputSystem.InputSystem:.cctor () (at ./Library/PackageCache/com.unity.inputsystem@1.6.3/InputSystem/InputSystem.cs:3366)
System.Runtime.CompilerServices.RuntimeHelpers:RunClassConstructor (System.RuntimeTypeHandle)
UnityEditor.EditorAssemblies:ProcessInitializeOnLoadAttributes (System.Type[]) (at /Users/bokken/build/output/unity/unity/Editor/Mono/EditorAssemblies.cs:119)

(Filename: ./Library/PackageCache/com.unity.inputsystem@1.6.3/InputSystem/InputSystem.cs Line: 3456)

[Package Manager] Server::EnsureServerProcessIsRunning -- launch failed, reason: Unity was launched with the -noUpm command-line argument
[Package Manager] UpmClient::Send -- Unable to send message (not connected to UPM process).
[Package Manager] Cannot connect to Unity Package Manager local server
Mono: successfully reloaded assembly
- Finished resetting the current domain, in  0.694 seconds
Domain Reload Profiling: 1046ms
	BeginReloadAssembly (108ms)
		ExecutionOrderSort (0ms)
		DisableScriptedObjects (3ms)
		BackupInstance (0ms)
		ReleaseScriptingObjects (0ms)
		CreateAndSetChildDomain (36ms)
	RebuildCommonClasses (32ms)
	RebuildNativeTypeToScriptingClass (10ms)
	initialDomainReloadingComplete (15ms)
	LoadAllAssembliesAndSetupDomain (188ms)
		LoadAssemblies (199ms)
		RebuildTransferFunctionScriptingTraits (0ms)
		AnalyzeDomain (33ms)
			TypeCache.Refresh (17ms)
				TypeCache.ScanAssembly (9ms)
			ScanForSourceGeneratedMonoScriptInfo (11ms)
			ResolveRequiredComponents (4ms)
	FinalizeReload (694ms)
		ReleaseScriptCaches (0ms)
		RebuildScriptCaches (0ms)
		SetupLoadedEditorAssemblies (265ms)
			LogAssemblyErrors (0ms)
			InitializePlatformSupportModulesInManaged (5ms)
			SetLoadedEditorAssemblies (7ms)
			RefreshPlugins (0ms)
			BeforeProcessingInitializeOnLoad (47ms)
			ProcessInitializeOnLoadAttributes (196ms)
			ProcessInitializeOnLoadMethodAttributes (9ms)
			AfterProcessingInitializeOnLoad (1ms)
			EditorAssembliesLoaded (0ms)
		ExecutionOrderSort2 (0ms)
		AwakeInstancesAfterBackupRestoration (2ms)
Shader 'VRM10/Universal Render Pipeline/MToon10': fallback shader 'Hidden/Universal Render Pipeline/FallbackError' not found
Shader 'VRM10/Universal Render Pipeline/MToon10': fallback shader 'Hidden/Universal Render Pipeline/FallbackError' not found
Refreshing native plugins compatible for Editor in 2.01 ms, found 2 plugins.
Preloading 0 native plugins for Editor in 0.00 ms.
Unloading 4254 Unused Serialized files (Serialized files now loaded: 0)
Unloading 32 unused Assets / (0.6 MB). Loaded Objects now: 4832.
Memory consumption went from 166.5 MB to 165.8 MB.
Total: 2.841541 ms (FindLiveObjects: 0.150334 ms CreateObjectMapping: 0.056791 ms MarkObjects: 2.384625 ms  DeleteObjects: 0.249291 ms)

Prepare: number of updated asset objects reloaded= 0
AssetImportParameters requested are different than current active one (requested -> active):
  custom:container-demuxer-ogg: 62fdf1f143b41e24485cea50d1cbac27 -> 
  custom:video-decoder-ogg-theora: a1e56fd34408186e4bbccfd4996cb3dc -> 
  custom:CustomObjectIndexerAttribute: 756ad292c208cfabdd7b50bc23989ffe -> 
  custom:container-demuxer-webm: 4f35f7cbe854078d1ac9338744f61a02 -> 
  custom:container-muxer-webm: aa71ff27fc2769a1b78a27578f13a17b -> 
  custom:video-decoder-webm-vp8: 9c59270c3fd7afecdb556c50c9e8de78 -> 
  custom:SearchIndexIgnoredProperties: e643bd26f0fe6173181afceb89e7c659 -> 
  custom:AudioImporter_EditorPlatform: 3918e3fc78b5a79bad01e8451be0beb8 -> 
  custom:framework-osx-AVFoundation: e770b220cccbd017edd2c1fefb359320 -> 
  custom:video-encoder-webm-vp8: eb34c28f22e8b96e1ab97ce403110664 -> 
  custom:audio-decoder-ogg-vorbis: bf7c407c2cedff20999df2af8eb42d56 -> 
  custom:audio-encoder-webm-vorbis: bf7c407c2cedff20999df2af8eb42d56 -> 
========================================================================
Received Import Request.
  Time since last request: 372.049748 seconds.
  path: Assets/Resorces/Normal human.vrm
  artifactKey: Guid(17a94460b430745999bf4d693009c188) Importer(815301076,1909f56bfc062723c751e8b465ee728b)
Start importing Assets/Resorces/Normal human.vrm using Guid(17a94460b430745999bf4d693009c188) Importer(815301076,1909f56bfc062723c751e8b465ee728b)  -> (artifact id: 'dc0e4b967c37444c80d0c46938c287b0') in 0.035953 seconds
Number of updated asset objects reloaded before import = 0
Number of asset objects unloaded after import = 1
========================================================================
Received Import Request.
  Time since last request: 19.285247 seconds.
  path: Assets/Resorces/human/Normal human.vrm
  artifactKey: Guid(c01eb3791eb264c6e9e5a32b56212e55) Importer(815301076,1909f56bfc062723c751e8b465ee728b)
Start importing Assets/Resorces/human/Normal human.vrm using Guid(c01eb3791eb264c6e9e5a32b56212e55) Importer(815301076,1909f56bfc062723c751e8b465ee728b)  -> (artifact id: '153a10e75b05a09753967d0995a4d483') in 0.000745 seconds
Number of updated asset objects reloaded before import = 0
Number of asset objects unloaded after import = 1
========================================================================
Received Prepare
Default GameObject BitMask: UI already registered
Begin MonoManager ReloadAssembly
Thread 0x16fa03000 may have been prematurely finalized
- Loaded All Assemblies, in  0.341 seconds
Refreshing native plugins compatible for Editor in 0.75 ms, found 2 plugins.
Native extension for LinuxStandalone target not found
Native extension for WindowsStandalone target not found
Native extension for OSXStandalone target not found
Assertion failed
UnityEngine.StackTraceUtility:ExtractStackTrace () (at /Users/bokken/build/output/unity/unity/Runtime/Export/Scripting/StackTrace.cs:37)
UnityEngine.DebugLogHandler:LogFormat (UnityEngine.LogType,UnityEngine.Object,string,object[])
UnityEngine.Logger:Log (UnityEngine.LogType,object)
UnityEngine.Debug:Assert (bool)
UnityEngine.InputSystem.InputManager:get_settings () (at ./Library/PackageCache/com.unity.inputsystem@1.6.3/InputSystem/InputManager.cs:93)
UnityEngine.InputSystem.InputSystem:get_settings () (at ./Library/PackageCache/com.unity.inputsystem@1.6.3/InputSystem/InputSystem.cs:2892)
UnityEngine.InputSystem.InputSystem:InitializeInEditor (UnityEngine.InputSystem.LowLevel.IInputRuntime) (at ./Library/PackageCache/com.unity.inputsystem@1.6.3/InputSystem/InputSystem.cs:3454)
UnityEngine.InputSystem.InputSystem:.cctor () (at ./Library/PackageCache/com.unity.inputsystem@1.6.3/InputSystem/InputSystem.cs:3366)
System.Runtime.CompilerServices.RuntimeHelpers:RunClassConstructor (System.RuntimeTypeHandle)
UnityEditor.EditorAssemblies:ProcessInitializeOnLoadAttributes (System.Type[]) (at /Users/bokken/build/output/unity/unity/Editor/Mono/EditorAssemblies.cs:119)

(Filename: ./Library/PackageCache/com.unity.inputsystem@1.6.3/InputSystem/InputManager.cs Line: 93)

Assertion failed
UnityEngine.StackTraceUtility:ExtractStackTrace () (at /Users/bokken/build/output/unity/unity/Runtime/Export/Scripting/StackTrace.cs:37)
UnityEngine.DebugLogHandler:LogFormat (UnityEngine.LogType,UnityEngine.Object,string,object[])
UnityEngine.Logger:Log (UnityEngine.LogType,object)
UnityEngine.Debug:Assert (bool)
UnityEngine.InputSystem.InputSystem:InitializeInEditor (UnityEngine.InputSystem.LowLevel.IInputRuntime) (at ./Library/PackageCache/com.unity.inputsystem@1.6.3/InputSystem/InputSystem.cs:3454)
UnityEngine.InputSystem.InputSystem:.cctor () (at ./Library/PackageCache/com.unity.inputsystem@1.6.3/InputSystem/InputSystem.cs:3366)
System.Runtime.CompilerServices.RuntimeHelpers:RunClassConstructor (System.RuntimeTypeHandle)
UnityEditor.EditorAssemblies:ProcessInitializeOnLoadAttributes (System.Type[]) (at /Users/bokken/build/output/unity/unity/Editor/Mono/EditorAssemblies.cs:119)

(Filename: ./Library/PackageCache/com.unity.inputsystem@1.6.3/InputSystem/InputSystem.cs Line: 3454)

Assertion failed
UnityEngine.StackTraceUtility:ExtractStackTrace () (at /Users/bokken/build/output/unity/unity/Runtime/Export/Scripting/StackTrace.cs:37)
UnityEngine.DebugLogHandler:LogFormat (UnityEngine.LogType,UnityEngine.Object,string,object[])
UnityEngine.Logger:Log (UnityEngine.LogType,object)
UnityEngine.Debug:Assert (bool)
UnityEngine.InputSystem.InputManager:get_settings () (at ./Library/PackageCache/com.unity.inputsystem@1.6.3/InputSystem/InputManager.cs:93)
UnityEngine.InputSystem.InputSystem:get_settings () (at ./Library/PackageCache/com.unity.inputsystem@1.6.3/InputSystem/InputSystem.cs:2892)
UnityEngine.InputSystem.InputSystem:InitializeInEditor (UnityEngine.InputSystem.LowLevel.IInputRuntime) (at ./Library/PackageCache/com.unity.inputsystem@1.6.3/InputSystem/InputSystem.cs:3456)
UnityEngine.InputSystem.InputSystem:.cctor () (at ./Library/PackageCache/com.unity.inputsystem@1.6.3/InputSystem/InputSystem.cs:3366)
System.Runtime.CompilerServices.RuntimeHelpers:RunClassConstructor (System.RuntimeTypeHandle)
UnityEditor.EditorAssemblies:ProcessInitializeOnLoadAttributes (System.Type[]) (at /Users/bokken/build/output/unity/unity/Editor/Mono/EditorAssemblies.cs:119)

(Filename: ./Library/PackageCache/com.unity.inputsystem@1.6.3/InputSystem/InputManager.cs Line: 93)

InputSettings has lost its native object
UnityEngine.StackTraceUtility:ExtractStackTrace () (at /Users/bokken/build/output/unity/unity/Runtime/Export/Scripting/StackTrace.cs:37)
UnityEngine.DebugLogHandler:LogFormat (UnityEngine.LogType,UnityEngine.Object,string,object[])
UnityEngine.Logger:Log (UnityEngine.LogType,object)
UnityEngine.Debug:Assert (bool,string)
UnityEngine.InputSystem.InputSystem:InitializeInEditor (UnityEngine.InputSystem.LowLevel.IInputRuntime) (at ./Library/PackageCache/com.unity.inputsystem@1.6.3/InputSystem/InputSystem.cs:3456)
UnityEngine.InputSystem.InputSystem:.cctor () (at ./Library/PackageCache/com.unity.inputsystem@1.6.3/InputSystem/InputSystem.cs:3366)
System.Runtime.CompilerServices.RuntimeHelpers:RunClassConstructor (System.RuntimeTypeHandle)
UnityEditor.EditorAssemblies:ProcessInitializeOnLoadAttributes (System.Type[]) (at /Users/bokken/build/output/unity/unity/Editor/Mono/EditorAssemblies.cs:119)

(Filename: ./Library/PackageCache/com.unity.inputsystem@1.6.3/InputSystem/InputSystem.cs Line: 3456)

[Package Manager] Server::EnsureServerProcessIsRunning -- launch failed, reason: Unity was launched with the -noUpm command-line argument
[Package Manager] UpmClient::Send -- Unable to send message (not connected to UPM process).
[Package Manager] Cannot connect to Unity Package Manager local server
Mono: successfully reloaded assembly
- Finished resetting the current domain, in  0.679 seconds
Domain Reload Profiling: 1021ms
	BeginReloadAssembly (105ms)
		ExecutionOrderSort (0ms)
		DisableScriptedObjects (3ms)
		BackupInstance (0ms)
		ReleaseScriptingObjects (0ms)
		CreateAndSetChildDomain (41ms)
	RebuildCommonClasses (23ms)
	RebuildNativeTypeToScriptingClass (8ms)
	initialDomainReloadingComplete (14ms)
	LoadAllAssembliesAndSetupDomain (191ms)
		LoadAssemblies (198ms)
		RebuildTransferFunctionScriptingTraits (0ms)
		AnalyzeDomain (29ms)
			TypeCache.Refresh (13ms)
				TypeCache.ScanAssembly (0ms)
			ScanForSourceGeneratedMonoScriptInfo (11ms)
			ResolveRequiredComponents (4ms)
	FinalizeReload (679ms)
		ReleaseScriptCaches (0ms)
		RebuildScriptCaches (0ms)
		SetupLoadedEditorAssemblies (268ms)
			LogAssemblyErrors (0ms)
			InitializePlatformSupportModulesInManaged (4ms)
			SetLoadedEditorAssemblies (3ms)
			RefreshPlugins (0ms)
			BeforeProcessingInitializeOnLoad (44ms)
			ProcessInitializeOnLoadAttributes (203ms)
			ProcessInitializeOnLoadMethodAttributes (13ms)
			AfterProcessingInitializeOnLoad (1ms)
			EditorAssembliesLoaded (0ms)
		ExecutionOrderSort2 (0ms)
		AwakeInstancesAfterBackupRestoration (3ms)
Refreshing native plugins compatible for Editor in 0.75 ms, found 2 plugins.
Preloading 0 native plugins for Editor in 0.00 ms.
Unloading 3602 Unused Serialized files (Serialized files now loaded: 0)
Unloading 486 unused Assets / (352.2 KB). Loaded Objects now: 4384.
Memory consumption went from 155.0 MB to 154.6 MB.
Total: 2.677583 ms (FindLiveObjects: 0.146625 ms CreateObjectMapping: 0.055542 ms MarkObjects: 2.143041 ms  DeleteObjects: 0.331833 ms)

Prepare: number of updated asset objects reloaded= 0
AssetImportParameters requested are different than current active one (requested -> active):
  custom:container-demuxer-ogg: 62fdf1f143b41e24485cea50d1cbac27 -> 
  custom:video-decoder-ogg-theora: a1e56fd34408186e4bbccfd4996cb3dc -> 
  custom:CustomObjectIndexerAttribute: 756ad292c208cfabdd7b50bc23989ffe -> 
  custom:container-demuxer-webm: 4f35f7cbe854078d1ac9338744f61a02 -> 
  custom:container-muxer-webm: aa71ff27fc2769a1b78a27578f13a17b -> 
  custom:video-decoder-webm-vp8: 9c59270c3fd7afecdb556c50c9e8de78 -> 
  custom:SearchIndexIgnoredProperties: e643bd26f0fe6173181afceb89e7c659 -> 
  custom:AudioImporter_EditorPlatform: 3918e3fc78b5a79bad01e8451be0beb8 -> 
  custom:framework-osx-AVFoundation: e770b220cccbd017edd2c1fefb359320 -> 
  custom:video-encoder-webm-vp8: eb34c28f22e8b96e1ab97ce403110664 -> 
  custom:audio-decoder-ogg-vorbis: bf7c407c2cedff20999df2af8eb42d56 -> 
  custom:audio-encoder-webm-vorbis: bf7c407c2cedff20999df2af8eb42d56 -> 
========================================================================
Received Prepare
Default GameObject BitMask: UI already registered
Begin MonoManager ReloadAssembly
Thread 0x16fa03000 may have been prematurely finalized
- Loaded All Assemblies, in  0.349 seconds
Refreshing native plugins compatible for Editor in 0.98 ms, found 2 plugins.
Native extension for LinuxStandalone target not found
Native extension for WindowsStandalone target not found
Native extension for OSXStandalone target not found
Assertion failed
UnityEngine.StackTraceUtility:ExtractStackTrace () (at /Users/bokken/build/output/unity/unity/Runtime/Export/Scripting/StackTrace.cs:37)
UnityEngine.DebugLogHandler:LogFormat (UnityEngine.LogType,UnityEngine.Object,string,object[])
UnityEngine.Logger:Log (UnityEngine.LogType,object)
UnityEngine.Debug:Assert (bool)
UnityEngine.InputSystem.InputManager:get_settings () (at ./Library/PackageCache/com.unity.inputsystem@1.6.3/InputSystem/InputManager.cs:93)
UnityEngine.InputSystem.InputSystem:get_settings () (at ./Library/PackageCache/com.unity.inputsystem@1.6.3/InputSystem/InputSystem.cs:2892)
UnityEngine.InputSystem.InputSystem:InitializeInEditor (UnityEngine.InputSystem.LowLevel.IInputRuntime) (at ./Library/PackageCache/com.unity.inputsystem@1.6.3/InputSystem/InputSystem.cs:3454)
UnityEngine.InputSystem.InputSystem:.cctor () (at ./Library/PackageCache/com.unity.inputsystem@1.6.3/InputSystem/InputSystem.cs:3366)
System.Runtime.CompilerServices.RuntimeHelpers:RunClassConstructor (System.RuntimeTypeHandle)
UnityEditor.EditorAssemblies:ProcessInitializeOnLoadAttributes (System.Type[]) (at /Users/bokken/build/output/unity/unity/Editor/Mono/EditorAssemblies.cs:119)

(Filename: ./Library/PackageCache/com.unity.inputsystem@1.6.3/InputSystem/InputManager.cs Line: 93)

Assertion failed
UnityEngine.StackTraceUtility:ExtractStackTrace () (at /Users/bokken/build/output/unity/unity/Runtime/Export/Scripting/StackTrace.cs:37)
UnityEngine.DebugLogHandler:LogFormat (UnityEngine.LogType,UnityEngine.Object,string,object[])
UnityEngine.Logger:Log (UnityEngine.LogType,object)
UnityEngine.Debug:Assert (bool)
UnityEngine.InputSystem.InputSystem:InitializeInEditor (UnityEngine.InputSystem.LowLevel.IInputRuntime) (at ./Library/PackageCache/com.unity.inputsystem@1.6.3/InputSystem/InputSystem.cs:3454)
UnityEngine.InputSystem.InputSystem:.cctor () (at ./Library/PackageCache/com.unity.inputsystem@1.6.3/InputSystem/InputSystem.cs:3366)
System.Runtime.CompilerServices.RuntimeHelpers:RunClassConstructor (System.RuntimeTypeHandle)
UnityEditor.EditorAssemblies:ProcessInitializeOnLoadAttributes (System.Type[]) (at /Users/bokken/build/output/unity/unity/Editor/Mono/EditorAssemblies.cs:119)

(Filename: ./Library/PackageCache/com.unity.inputsystem@1.6.3/InputSystem/InputSystem.cs Line: 3454)

Assertion failed
UnityEngine.StackTraceUtility:ExtractStackTrace () (at /Users/bokken/build/output/unity/unity/Runtime/Export/Scripting/StackTrace.cs:37)
UnityEngine.DebugLogHandler:LogFormat (UnityEngine.LogType,UnityEngine.Object,string,object[])
UnityEngine.Logger:Log (UnityEngine.LogType,object)
UnityEngine.Debug:Assert (bool)
UnityEngine.InputSystem.InputManager:get_settings () (at ./Library/PackageCache/com.unity.inputsystem@1.6.3/InputSystem/InputManager.cs:93)
UnityEngine.InputSystem.InputSystem:get_settings () (at ./Library/PackageCache/com.unity.inputsystem@1.6.3/InputSystem/InputSystem.cs:2892)
UnityEngine.InputSystem.InputSystem:InitializeInEditor (UnityEngine.InputSystem.LowLevel.IInputRuntime) (at ./Library/PackageCache/com.unity.inputsystem@1.6.3/InputSystem/InputSystem.cs:3456)
UnityEngine.InputSystem.InputSystem:.cctor () (at ./Library/PackageCache/com.unity.inputsystem@1.6.3/InputSystem/InputSystem.cs:3366)
System.Runtime.CompilerServices.RuntimeHelpers:RunClassConstructor (System.RuntimeTypeHandle)
UnityEditor.EditorAssemblies:ProcessInitializeOnLoadAttributes (System.Type[]) (at /Users/bokken/build/output/unity/unity/Editor/Mono/EditorAssemblies.cs:119)

(Filename: ./Library/PackageCache/com.unity.inputsystem@1.6.3/InputSystem/InputManager.cs Line: 93)

InputSettings has lost its native object
UnityEngine.StackTraceUtility:ExtractStackTrace () (at /Users/bokken/build/output/unity/unity/Runtime/Export/Scripting/StackTrace.cs:37)
UnityEngine.DebugLogHandler:LogFormat (UnityEngine.LogType,UnityEngine.Object,string,object[])
UnityEngine.Logger:Log (UnityEngine.LogType,object)
UnityEngine.Debug:Assert (bool,string)
UnityEngine.InputSystem.InputSystem:InitializeInEditor (UnityEngine.InputSystem.LowLevel.IInputRuntime) (at ./Library/PackageCache/com.unity.inputsystem@1.6.3/InputSystem/InputSystem.cs:3456)
UnityEngine.InputSystem.InputSystem:.cctor () (at ./Library/PackageCache/com.unity.inputsystem@1.6.3/InputSystem/InputSystem.cs:3366)
System.Runtime.CompilerServices.RuntimeHelpers:RunClassConstructor (System.RuntimeTypeHandle)
UnityEditor.EditorAssemblies:ProcessInitializeOnLoadAttributes (System.Type[]) (at /Users/bokken/build/output/unity/unity/Editor/Mono/EditorAssemblies.cs:119)

(Filename: ./Library/PackageCache/com.unity.inputsystem@1.6.3/InputSystem/InputSystem.cs Line: 3456)

[Package Manager] Server::EnsureServerProcessIsRunning -- launch failed, reason: Unity was launched with the -noUpm command-line argument
[Package Manager] UpmClient::Send -- Unable to send message (not connected to UPM process).
[Package Manager] Cannot connect to Unity Package Manager local server
Mono: successfully reloaded assembly
- Finished resetting the current domain, in  0.693 seconds
Domain Reload Profiling: 1041ms
	BeginReloadAssembly (110ms)
		ExecutionOrderSort (0ms)
		DisableScriptedObjects (4ms)
		BackupInstance (0ms)
		ReleaseScriptingObjects (0ms)
		CreateAndSetChildDomain (43ms)
	RebuildCommonClasses (23ms)
	RebuildNativeTypeToScriptingClass (8ms)
	initialDomainReloadingComplete (15ms)
	LoadAllAssembliesAndSetupDomain (193ms)
		LoadAssemblies (195ms)
		RebuildTransferFunctionScriptingTraits (0ms)
		AnalyzeDomain (35ms)
			TypeCache.Refresh (18ms)
				TypeCache.ScanAssembly (8ms)
			ScanForSourceGeneratedMonoScriptInfo (11ms)
			ResolveRequiredComponents (4ms)
	FinalizeReload (693ms)
		ReleaseScriptCaches (0ms)
		RebuildScriptCaches (0ms)
		SetupLoadedEditorAssemblies (269ms)
			LogAssemblyErrors (0ms)
			InitializePlatformSupportModulesInManaged (4ms)
			SetLoadedEditorAssemblies (4ms)
			RefreshPlugins (0ms)
			BeforeProcessingInitializeOnLoad (51ms)
			ProcessInitializeOnLoadAttributes (201ms)
			ProcessInitializeOnLoadMethodAttributes (9ms)
			AfterProcessingInitializeOnLoad (1ms)
			EditorAssembliesLoaded (0ms)
		ExecutionOrderSort2 (0ms)
		AwakeInstancesAfterBackupRestoration (2ms)
Shader 'VRM10/Universal Render Pipeline/MToon10': fallback shader 'Hidden/Universal Render Pipeline/FallbackError' not found
Shader 'VRM10/Universal Render Pipeline/MToon10': fallback shader 'Hidden/Universal Render Pipeline/FallbackError' not found
Refreshing native plugins compatible for Editor in 0.95 ms, found 2 plugins.
Preloading 0 native plugins for Editor in 0.00 ms.
Unloading 4171 Unused Serialized files (Serialized files now loaded: 0)
Unloading 32 unused Assets / (0.6 MB). Loaded Objects now: 4829.
Memory consumption went from 174.5 MB to 173.9 MB.
Total: 2.886125 ms (FindLiveObjects: 0.162250 ms CreateObjectMapping: 0.060750 ms MarkObjects: 2.352750 ms  DeleteObjects: 0.309917 ms)

Prepare: number of updated asset objects reloaded= 130
AssetImportParameters requested are different than current active one (requested -> active):
  custom:container-demuxer-ogg: 62fdf1f143b41e24485cea50d1cbac27 -> 
  custom:video-decoder-ogg-theora: a1e56fd34408186e4bbccfd4996cb3dc -> 
  custom:CustomObjectIndexerAttribute: 756ad292c208cfabdd7b50bc23989ffe -> 
  custom:container-demuxer-webm: 4f35f7cbe854078d1ac9338744f61a02 -> 
  custom:container-muxer-webm: aa71ff27fc2769a1b78a27578f13a17b -> 
  custom:video-decoder-webm-vp8: 9c59270c3fd7afecdb556c50c9e8de78 -> 
  custom:SearchIndexIgnoredProperties: e643bd26f0fe6173181afceb89e7c659 -> 
  custom:AudioImporter_EditorPlatform: 3918e3fc78b5a79bad01e8451be0beb8 -> 
  custom:framework-osx-AVFoundation: e770b220cccbd017edd2c1fefb359320 -> 
  custom:video-encoder-webm-vp8: eb34c28f22e8b96e1ab97ce403110664 -> 
  custom:audio-decoder-ogg-vorbis: bf7c407c2cedff20999df2af8eb42d56 -> 
  custom:audio-encoder-webm-vorbis: bf7c407c2cedff20999df2af8eb42d56 -> 
========================================================================
Received Import Request.
  Time since last request: 413.053505 seconds.
  path: Assets/Resorces/human/Normal human.Textures
  artifactKey: Guid(dfe00cbdb9ab940f6b5cd34b3ab9950e) Importer(815301076,1909f56bfc062723c751e8b465ee728b)
Start importing Assets/Resorces/human/Normal human.Textures using Guid(dfe00cbdb9ab940f6b5cd34b3ab9950e) Importer(815301076,1909f56bfc062723c751e8b465ee728b)  -> (artifact id: '673553b75e6591d69805de81e30091d8') in 0.001911 seconds
Number of updated asset objects reloaded before import = 0
Number of asset objects unloaded after import = 0
========================================================================
Received Import Request.
  Time since last request: 1.687151 seconds.
  path: Assets/Resorces/human/Normal human.prefab
  artifactKey: Guid(86bbe0453bef7429d983c78f6c2756dd) Importer(815301076,1909f56bfc062723c751e8b465ee728b)
Start importing Assets/Resorces/human/Normal human.prefab using Guid(86bbe0453bef7429d983c78f6c2756dd) Importer(815301076,1909f56bfc062723c751e8b465ee728b)  -> (artifact id: '3f0ecaff764317a04e55934090556a83') in 0.972268 seconds
Number of updated asset objects reloaded before import = 0
Number of asset objects unloaded after import = 369
